[2025-12-22 12:01:17] Computer: DSKML17912 - NO DUPLICATE PROFILES FOUND
[2025-12-22 12:15:03] Computer: DSKML17912 - NO DUPLICATE PROFILES FOUND
[2025-12-22 12:16:07] Computer: DSKML17912 - NO DUPLICATE PROFILES FOUND
[2025-12-22 12:17:16] Computer: DSKML17912 - NO DUPLICATE PROFILES FOUND
[2025-12-22 12:20:26] Computer: DSKML17912 - NO DUPLICATE PROFILES FOUND
[2025-12-22 12:23:35] Computer: DSKML17912 - NO DUPLICATE PROFILES FOUND
[2025-12-22 12:25:23] Computer: DSKML17912 - NO DUPLICATE PROFILES FOUND
[2026-01-09 11:25:21] Computer: DSKML17979 - NO DUPLICATE PROFILES FOUND
[2026-01-09 11:26:50] Computer: DSKML17979 - NO DUPLICATE PROFILES FOUND
[2026-01-09 13:56:28] Computer: CLLAP240900057 - NO DUPLICATE PROFILES FOUND
[2026-01-12 13:58:29] Computer: DSKML17079 - NO DUPLICATE PROFILES FOUND
[2026-01-12 14:35:00] Computer: LAP240200213 - NO DUPLICATE PROFILES FOUND
[2026-01-13 11:45:39] Computer: DSKML17784 - NO DUPLICATE PROFILES FOUND
[2026-01-13 11:56:49] Computer: DSKML17848 - NO DUPLICATE PROFILES FOUND
[2026-01-13 12:21:22] Computer: DSKML18934 - NO DUPLICATE PROFILES FOUND
[2026-01-14 10:39:29] Computer: DSKML17567 - NO DUPLICATE PROFILES FOUND
[2026-01-14 11:05:17] Computer: DSKML18053 - NO DUPLICATE PROFILES FOUND
[2026-01-14 11:13:43] Computer: DSKML18045 - NO DUPLICATE PROFILES FOUND
[2026-01-14 11:25:39] Computer: DSKML17975 - NO DUPLICATE PROFILES FOUND
[2026-01-14 11:47:34] Computer: DSKML17619 - NO DUPLICATE PROFILES FOUND
[2026-01-14 12:13:16] Computer: DSKML18009 - NO DUPLICATE PROFILES FOUND
[2026-01-15 10:29:45] Computer: DSKML17828 - NO DUPLICATE PROFILES FOUND
[2026-01-15 12:16:41] Computer: DSKML18935 - NO DUPLICATE PROFILES FOUND
[2026-01-15 12:30:43] Computer: DSKML17547 - NO DUPLICATE PROFILES FOUND
[2026-01-15 13:43:12] Computer: DSKML17976 - NO DUPLICATE PROFILES FOUND
[2026-01-16 10:03:52] Computer: DSKML15700 - NO DUPLICATE PROFILES FOUND
[2026-01-16 10:48:10] Computer: DSKML17557 - NO DUPLICATE PROFILES FOUND
[2026-01-16 11:08:18] Computer: DSKML18014 - NO DUPLICATE PROFILES FOUND
[2026-01-16 11:18:09] Computer: DSKML18051A - NO DUPLICATE PROFILES FOUND
[2026-01-16 11:20:40] Computer: DSKML18051A - NO DUPLICATE PROFILES FOUND
[2026-01-16 11:35:36] Computer: DSKML17572 - NO DUPLICATE PROFILES FOUND
[2026-01-19 10:29:08] Computer: LAPML18159 - NO DUPLICATE PROFILES FOUND
[2026-01-19 10:42:47] Computer: DSKML17839 - NO DUPLICATE PROFILES FOUND
[2026-01-19 10:55:42] Computer: LAPML19019 - NO DUPLICATE PROFILES FOUND
[2026-01-19 11:40:05] Computer: LAPML18087 - NO DUPLICATE PROFILES FOUND
[2026-01-19 11:57:32] Computer: DSKML17632 - NO DUPLICATE PROFILES FOUND
[2026-01-19 12:09:57] Computer: DSKML18026 - NO DUPLICATE PROFILES FOUND
[2026-01-20 10:39:30] Computer: DSKML17531 - DUPLICATE PROFILES FOUND: 1
[2026-01-20 10:42:06] Computer: DSKML17531 - NO DUPLICATE PROFILES FOUND
[2026-01-20 10:48:03] Computer: DSKML17854 - NO DUPLICATE PROFILES FOUND
[2026-01-20 12:09:18] Computer: DSKML17542 - NO DUPLICATE PROFILES FOUND
[2026-01-20 13:53:23] Computer: LAPML19539 - NO DUPLICATE PROFILES FOUND
[2026-01-21 10:16:06] Computer: LAP241000465 - NO DUPLICATE PROFILES FOUND
[2026-01-21 10:43:12] Computer: LAPML18177 - NO DUPLICATE PROFILES FOUND
[2026-01-21 11:06:57] Computer: DSKML17896 - NO DUPLICATE PROFILES FOUND
[2026-01-21 12:09:19] Computer: LAP250600373 - NO DUPLICATE PROFILES FOUND
[2026-01-21 12:18:09] Computer: DSKML17820 - NO DUPLICATE PROFILES FOUND
[2026-01-22 11:08:13] Computer: DSKML17618 - NO DUPLICATE PROFILES FOUND
[2026-01-22 11:19:52] Computer: CLLAP240900014 - NO DUPLICATE PROFILES FOUND
[2026-01-22 11:31:28] Computer: LAPML19170 - NO DUPLICATE PROFILES FOUND
[2026-01-22 12:09:59] Computer: LAPML18670 - NO DUPLICATE PROFILES FOUND
[2026-01-22 12:14:33] Computer: LAPML18165 - NO DUPLICATE PROFILES FOUND
[2026-01-23 10:17:30] Computer: LAPML18056 - NO DUPLICATE PROFILES FOUND
[2026-01-23 11:04:01] Computer: DSKML17906 - NO DUPLICATE PROFILES FOUND
[2026-01-23 11:11:50] Computer: DSKML17657 - NO DUPLICATE PROFILES FOUND
[2026-01-23 11:21:29] Computer: DSKML18019 - NO DUPLICATE PROFILES FOUND
[2026-01-23 11:40:12] Computer: DSKML17916 - NO DUPLICATE PROFILES FOUND
[2026-01-26 10:20:57] Computer: LAP260100546 - NO DUPLICATE PROFILES FOUND
[2026-01-26 10:31:28] Computer: DSKML17628 - NO DUPLICATE PROFILES FOUND
[2026-01-26 11:30:51] Computer: DSKML18007 - NO DUPLICATE PROFILES FOUND
[2026-01-26 11:49:28] Computer: LAPML18096 - NO DUPLICATE PROFILES FOUND
[2026-01-26 12:11:11] Computer: DSKML17703 - NO DUPLICATE PROFILES FOUND
[2026-01-26 13:05:10] Computer: DSKML17974 - NO DUPLICATE PROFILES FOUND
[2026-01-26 14:46:45] Computer: DSKML17918 - NO DUPLICATE PROFILES FOUND
[2026-01-26 14:56:14] Computer: DSKML17660 - NO DUPLICATE PROFILES FOUND
[2026-01-27 11:26:52] Computer: DSKML17984 - NO DUPLICATE PROFILES FOUND
[2026-01-27 12:13:15] Computer: DSKML17693 - NO DUPLICATE PROFILES FOUND
[2026-01-27 14:21:24] Computer: LAP240800428 - NO DUPLICATE PROFILES FOUND
[2026-01-27 14:25:53] Computer: LAP240800428 - NO DUPLICATE PROFILES FOUND
[2026-01-27 14:46:12] Computer: LAPML19443 - NO DUPLICATE PROFILES FOUND
[2026-01-27 15:01:47] Computer: LAPML18155 - DUPLICATE PROFILES FOUND: 2
[2026-01-27 15:05:07] Computer: LAPML18155 - NO DUPLICATE PROFILES FOUND
[2026-01-28 11:05:05] Computer: LAPML15627 - NO DUPLICATE PROFILES FOUND
[2026-01-28 15:19:00] Computer: DSKML18973 - NO DUPLICATE PROFILES FOUND
[2026-01-28 16:02:09] Computer: LAP250600040 - NO DUPLICATE PROFILES FOUND
[2026-01-29 10:24:15] Computer: DSK250200089 - NO DUPLICATE PROFILES FOUND
[2026-01-29 10:35:36] Computer: DSKML17915 - NO DUPLICATE PROFILES FOUND
[2026-01-29 10:58:01] Computer: DSKML17690 - NO DUPLICATE PROFILES FOUND
[2026-01-29 11:13:27] Computer: DSKML17606 - NO DUPLICATE PROFILES FOUND
[2026-01-29 14:45:42] Computer: DSKML18923 - NO DUPLICATE PROFILES FOUND
[2026-02-03 13:01:52] Computer: LAPML18356 - DUPLICATE PROFILES FOUND: 1
[2026-02-03 13:03:47] Computer: LAPML18356 - NO DUPLICATE PROFILES FOUND
[2026-02-03 14:24:47] Computer: LAPML18172 - NO DUPLICATE PROFILES FOUND
[2026-02-04 14:46:05] Computer: DSKML17077 - DUPLICATE PROFILES FOUND: 1
[2026-02-04 14:48:38] Computer: DSKML17077 - NO DUPLICATE PROFILES FOUND
[2026-02-05 11:57:05] Computer: DSKML18050 - NO DUPLICATE PROFILES FOUND
[2026-02-05 12:00:34] Computer: DSKML18050 - NO DUPLICATE PROFILES FOUND
[2026-02-05 13:08:27] Computer: DSKML17981 - NO DUPLICATE PROFILES FOUND
[2026-02-05 13:24:40] Computer: DSKML17981 - NO DUPLICATE PROFILES FOUND
[2026-02-05 13:50:11] Computer: LAPML17694 - NO DUPLICATE PROFILES FOUND
[2026-02-05 15:02:15] Computer: DSK241200018 - NO DUPLICATE PROFILES FOUND
[2026-02-06 10:11:27] Computer: DSKML18017 - NO DUPLICATE PROFILES FOUND
[2026-02-06 10:11:46] Computer: DSKML18017 - NO DUPLICATE PROFILES FOUND
[2026-02-06 11:51:32] Computer: DSKML17468 - NO DUPLICATE PROFILES FOUND
[2026-02-06 12:45:54] Computer: DSKML17844 - NO DUPLICATE PROFILES FOUND
[2026-02-06 13:02:37] Computer: DSKML17830 - NO DUPLICATE PROFILES FOUND
[2026-02-06 13:03:02] Computer: DSKML17830 - NO DUPLICATE PROFILES FOUND
[2026-02-09 10:29:56] Computer: LAPML18176 - NO DUPLICATE PROFILES FOUND
[2026-02-09 12:26:15] Computer: DSKML17506 - NO DUPLICATE PROFILES FOUND
[2026-02-09 12:34:55] Computer: DSKML17510 - NO DUPLICATE PROFILES FOUND
[2026-02-09 12:35:50] Computer: DSKML17510 - NO DUPLICATE PROFILES FOUND
[2026-02-09 13:02:59] Computer: DSKML17638 - NO DUPLICATE PROFILES FOUND
[2026-02-09 13:03:07] Computer: DSKML17638 - NO DUPLICATE PROFILES FOUND
[2026-02-10 11:34:23] Computer: DSKML17798 - NO DUPLICATE PROFILES FOUND
[2026-02-10 12:38:41] Computer: DSKML17993 - NO DUPLICATE PROFILES FOUND
[2026-02-10 14:36:55] Computer: DSKML17551 - NO DUPLICATE PROFILES FOUND
[2026-02-10 14:44:21] Computer: DSKML18620 - NO DUPLICATE PROFILES FOUND
[2026-02-12 10:43:25] Computer: LAPML18175 - NO DUPLICATE PROFILES FOUND
[2026-02-12 15:25:04] Computer: DSKML17861 - NO DUPLICATE PROFILES FOUND
[2026-02-13 11:07:21] Computer: LAPML18018 - NO DUPLICATE PROFILES FOUND
[2026-02-13 11:55:05] Computer: DSKML17469 - NO DUPLICATE PROFILES FOUND
[2026-02-13 12:30:31] Computer: DSKML17977 - NO DUPLICATE PROFILES FOUND
[2026-02-13 12:32:21] Computer: DSKML17977 - NO DUPLICATE PROFILES FOUND
[2026-02-16 10:33:53] Computer: DSKML17891 - NO DUPLICATE PROFILES FOUND
[2026-02-17 11:00:42] Computer: DSKML17700 - NO DUPLICATE PROFILES FOUND
[2026-02-17 11:16:29] Computer: DSKML17719 - NO DUPLICATE PROFILES FOUND
[2026-02-18 10:02:36] Computer: CLLAP241100010 - NO DUPLICATE PROFILES FOUND
[2026-02-18 14:18:06] Computer: DSKML18015 - NO DUPLICATE PROFILES FOUND
[2026-02-19 10:33:59] Computer: LAPML18357 - NO DUPLICATE PROFILES FOUND
[2026-02-19 12:21:29] Computer: DSKML17029 - NO DUPLICATE PROFILES FOUND
[2026-02-19 12:23:30] Computer: DSKML17029 - NO DUPLICATE PROFILES FOUND
[2026-02-19 12:29:30] Computer: DSKML17038 - NO DUPLICATE PROFILES FOUND
[2026-02-19 16:40:31] Computer: DSKML17026 - NO DUPLICATE PROFILES FOUND
[2026-02-20 10:16:42] Computer: LAPML19051 - NO DUPLICATE PROFILES FOUND
[2026-02-20 11:53:45] Computer: DSKML17043 - NO DUPLICATE PROFILES FOUND
[2026-02-20 11:58:39] Computer: DSKML17043 - NO DUPLICATE PROFILES FOUND
[2026-02-20 13:15:04] Computer: DSKML17030 - NO DUPLICATE PROFILES FOUND
[2026-02-20 13:28:38] Computer: LAPML18446 - NO DUPLICATE PROFILES FOUND
[2026-02-20 15:23:09] Computer: DSKML17068 - NO DUPLICATE PROFILES FOUND
[2026-02-23 12:00:14] Computer: LAPML18353 - NO DUPLICATE PROFILES FOUND
[2026-02-23 15:11:40] Computer: DSKML17718 - NO DUPLICATE PROFILES FOUND
[2026-02-23 16:43:46] Computer: DSKML17994 - NO DUPLICATE PROFILES FOUND
[2026-02-24 10:11:34] Computer: LAPML18409 - NO DUPLICATE PROFILES FOUND
[2026-02-24 15:50:29] Computer: LAP240100346 - NO DUPLICATE PROFILES FOUND
[2026-02-25 11:35:57] Computer: LAPML18059 - NO DUPLICATE PROFILES FOUND
[2026-02-25 12:17:08] Computer: DSKML17006 - NO DUPLICATE PROFILES FOUND
[2026-02-25 15:50:27] Computer: DSKML17081 - NO DUPLICATE PROFILES FOUND
[2026-02-25 15:51:40] Computer: DSKML17081 - NO DUPLICATE PROFILES FOUND
[2026-02-26 10:54:01] Computer: DSKML17793 - NO DUPLICATE PROFILES FOUND
[2026-02-26 11:06:06] Computer: DSKML17787 - NO DUPLICATE PROFILES FOUND
[2026-02-27 11:30:09] Computer: LAP241000080 - NO DUPLICATE PROFILES FOUND
[2026-02-27 11:40:29] Computer: LAPML19503 - NO DUPLICATE PROFILES FOUND
[2026-03-02 08:31:49] Computer: DSKML17070A - DUPLICATE PROFILES FOUND: 11
[2026-03-02 08:38:43] Computer: DSKML17070A - NO DUPLICATE PROFILES FOUND
[2026-03-02 08:47:33] Computer: DSKML17070A - NO DUPLICATE PROFILES FOUND
[2026-03-02 09:11:34] Computer: DSKML17075 - NO DUPLICATE PROFILES FOUND
[2026-03-02 09:25:12] Computer: DSKML17087 - NO DUPLICATE PROFILES FOUND
[2026-03-04 10:33:20] Computer: LAPML16171 - NO DUPLICATE PROFILES FOUND
[2026-03-04 10:40:22] Computer: LAPML15407 - NO DUPLICATE PROFILES FOUND
[2026-03-04 10:47:53] Computer: LAPML15481 - NO DUPLICATE PROFILES FOUND
[2026-03-06 14:29:17] Computer: DSKML15800 - NO DUPLICATE PROFILES FOUND
[2026-03-10 14:38:36] Computer: LAP260200808 - NO DUPLICATE PROFILES FOUND
[2026-03-13 13:03:31] Computer: LAP250600040 - NO DUPLICATE PROFILES FOUND
[2026-03-16 11:09:54] Computer: LAP250600040 - NO DUPLICATE PROFILES FOUND
[2026-03-16 11:13:12] Computer: LAP250600040 - NO DUPLICATE PROFILES FOUND
[2026-03-16 11:16:41] Computer: LAP250600040 - NO DUPLICATE PROFILES FOUND
[2026-03-16 11:21:43] Computer: LAP250600040 - NO DUPLICATE PROFILES FOUND
[2026-03-16 11:23:17] Computer: LAP250600040 - NO DUPLICATE PROFILES FOUND
[2026-03-16 11:29:26] Computer: LAP250600040 - NO DUPLICATE PROFILES FOUND
[2026-03-16 11:33:09] Computer: LAP250600040 - NO DUPLICATE PROFILES FOUND
[2026-03-16 11:37:45] Computer: LAP250600040 - NO DUPLICATE PROFILES FOUND
[2026-03-16 11:57:01] Computer: LAP250600040 - NO DUPLICATE PROFILES FOUND
[2026-03-16 12:17:02] Computer: LAP250600040 - NO DUPLICATE PROFILES FOUND
[2026-03-18 11:14:17] Computer: LAP250600040 - NO DUPLICATE PROFILES FOUND
[2026-03-18 12:12:11] Computer: LAP250600040 - NO DUPLICATE PROFILES FOUND
[2026-03-18 12:23:12] Computer: LAP250600040 - NO DUPLICATE PROFILES FOUND
[2026-03-18 13:32:29] Computer: LAP250600040 - NO DUPLICATE PROFILES FOUND
[2026-03-18 13:36:55] Computer: LAP250600040 - NO DUPLICATE PROFILES FOUND
[2026-03-18 13:40:43] Computer: LAP250600040 - NO DUPLICATE PROFILES FOUND
[2026-03-20 10:33:03] Computer: LAPML16252 - NO DUPLICATE PROFILES FOUND
[2026-03-20 11:05:58] Computer: LAPML16252 - NO DUPLICATE PROFILES FOUND
[2026-03-23 10:30:32] Computer: DSKML17113 - NO DUPLICATE PROFILES FOUND
[2026-03-23 10:33:28] Computer: DSKML17113 - NO DUPLICATE PROFILES FOUND
[2026-03-23 10:54:50] Computer: DSKML17582 - NO DUPLICATE PROFILES FOUND
[2026-03-23 11:17:50] Computer: DSKML15609 - NO DUPLICATE PROFILES FOUND
[2026-03-23 11:18:09] Computer: DSKML15609 - NO DUPLICATE PROFILES FOUND
[2026-03-23 11:35:01] Computer: DSKML17205 - NO DUPLICATE PROFILES FOUND
[2026-03-23 12:12:24] Computer: DSKML15621 - NO DUPLICATE PROFILES FOUND
[2026-03-23 12:32:40] Computer: DSKML18459 - NO DUPLICATE PROFILES FOUND
[2026-03-23 13:36:42] Computer: DSKML17233 - NO DUPLICATE PROFILES FOUND
[2026-03-24 12:50:10] Computer: LAP250600040 - NO DUPLICATE PROFILES FOUND
[2026-03-24 12:51:34] Computer: LAP250600040 - NO DUPLICATE PROFILES FOUND
[2026-03-24 12:52:58] Computer: LAP250600040 - NO DUPLICATE PROFILES FOUND
[2026-03-24 13:57:29] Computer: DSKML17229 - NO DUPLICATE PROFILES FOUND
[2026-03-24 14:40:06] Computer: LAPSE95251 - NO DUPLICATE PROFILES FOUND
[2026-03-24 15:39:41] Computer: DSKML17114 - NO DUPLICATE PROFILES FOUND
[2026-03-25 09:28:26] Computer: DSKML17499 - NO DUPLICATE PROFILES FOUND
[2026-03-25 10:05:10] Computer: LAPML16539 - NO DUPLICATE PROFILES FOUND
[2026-03-25 10:39:33] Computer: DSKML13469 - NO DUPLICATE PROFILES FOUND
[2026-03-25 10:52:13] Computer: LAPML16545 - NO DUPLICATE PROFILES FOUND
[2026-03-25 11:15:05] Computer: LAPML16542 - NO DUPLICATE PROFILES FOUND
[2026-03-25 12:21:00] Computer: DSKML17149 - NO DUPLICATE PROFILES FOUND
[2026-03-25 13:49:42] Computer: DSKML13459 - NO DUPLICATE PROFILES FOUND
[2026-03-25 14:23:05] Computer: DSKML18122 - NO DUPLICATE PROFILES FOUND
[2026-03-26 10:09:51] Computer: DSKML17046 - NO DUPLICATE PROFILES FOUND
[2026-03-26 10:22:25] Computer: LAP240500153 - NO DUPLICATE PROFILES FOUND
[2026-03-26 10:37:57] Computer: DSKML17109 - NO DUPLICATE PROFILES FOUND
[2026-03-26 10:49:20] Computer: LAP240700809 - NO DUPLICATE PROFILES FOUND
[2026-03-26 12:22:35] Computer: LAPML17553 - NO DUPLICATE PROFILES FOUND
[2026-03-26 14:10:14] Computer: DSKML17117 - NO DUPLICATE PROFILES FOUND
[2026-03-27 10:10:36] Computer: LAPML16574 - NO DUPLICATE PROFILES FOUND
[2026-03-27 13:41:34] Computer: DSKML18885 - NO DUPLICATE PROFILES FOUND
[2026-03-27 14:01:01] Computer: DSKML17177 - NO DUPLICATE PROFILES FOUND
[2026-03-30 10:29:27] Computer: DSKML18582 - NO DUPLICATE PROFILES FOUND
[2026-03-30 10:42:20] Computer: LAPML16565 - NO DUPLICATE PROFILES FOUND
[2026-03-30 11:00:23] Computer: LAPML18733 - NO DUPLICATE PROFILES FOUND
[2026-03-30 11:44:19] Computer: DSKML18878 - NO DUPLICATE PROFILES FOUND
[2026-03-30 11:59:10] Computer: LAPML16583 - NO DUPLICATE PROFILES FOUND
[2026-03-30 12:45:11] Computer: LAPML16140 - NO DUPLICATE PROFILES FOUND
[2026-03-30 13:00:17] Computer: CLLAP240700002 - NO DUPLICATE PROFILES FOUND
[2026-03-30 13:05:16] Computer: LAPML19043 - NO DUPLICATE PROFILES FOUND
[2026-03-31 10:58:33] Computer: LAPML19175 - NO DUPLICATE PROFILES FOUND
[2026-03-31 12:18:00] Computer: DSKML18080 - NO DUPLICATE PROFILES FOUND
[2026-03-31 12:40:51] Computer: DSKML18104 - NO DUPLICATE PROFILES FOUND
[2026-03-31 13:25:59] Computer: DSKML17479 - NO DUPLICATE PROFILES FOUND
[2026-03-31 13:48:32] Computer: DSKML17475 - NO DUPLICATE PROFILES FOUND
[2026-04-01 10:55:21] Computer: DSKML17408 - NO DUPLICATE PROFILES FOUND
[2026-04-01 11:49:33] Computer: DSKML13291 - NO DUPLICATE PROFILES FOUND
[2026-04-01 12:17:16] Computer: DSKML13278 - NO DUPLICATE PROFILES FOUND
[2026-04-01 12:42:51] Computer: DSKML17284 - NO DUPLICATE PROFILES FOUND
[2026-04-01 12:53:17] Computer: DSK240400110 - NO DUPLICATE PROFILES FOUND
[2026-04-07 10:47:59] Computer: DSKML18098 - NO DUPLICATE PROFILES FOUND
[2026-04-07 11:08:15] Computer: DSKML18906 - NO DUPLICATE PROFILES FOUND
[2026-04-07 11:30:08] Computer: DSKML17207 - NO DUPLICATE PROFILES FOUND
[2026-04-07 12:13:32] Computer: LAPML18017 - NO DUPLICATE PROFILES FOUND
[2026-04-07 12:42:31] Computer: LAPML18758 - NO DUPLICATE PROFILES FOUND
[2026-04-08 10:05:08] Computer: DSKML18945 - NO DUPLICATE PROFILES FOUND
[2026-04-08 10:11:21] Computer: DSK240600179 - NO DUPLICATE PROFILES FOUND
[2026-04-08 10:33:08] Computer: DSK240600178 - NO DUPLICATE PROFILES FOUND
[2026-04-08 10:42:23] Computer: DSK240600179 - NO DUPLICATE PROFILES FOUND
[2026-04-08 11:25:51] Computer: LAP240100494 - NO DUPLICATE PROFILES FOUND
[2026-04-08 11:55:20] Computer: DSKML18033 - NO DUPLICATE PROFILES FOUND
[2026-04-08 12:09:06] Computer: DSK241200099 - NO DUPLICATE PROFILES FOUND
[2026-04-10 10:21:18] Computer: DSKML18117 - NO DUPLICATE PROFILES FOUND
[2026-04-10 10:39:43] Computer: DSKML18136 - NO DUPLICATE PROFILES FOUND
[2026-04-10 11:02:50] Computer: DSKML18134 - NO DUPLICATE PROFILES FOUND
[2026-04-10 11:37:29] Computer: DSKML18834 - NO DUPLICATE PROFILES FOUND
[2026-04-10 12:38:09] Computer: DSKML18135 - NO DUPLICATE PROFILES FOUND
[2026-04-10 12:49:49] Computer: DSKML18135 - NO DUPLICATE PROFILES FOUND
[2026-04-13 08:03:00] Computer: DSKML18112 - NO DUPLICATE PROFILES FOUND
[2026-04-13 08:23:55] Computer: DSKML18116 - NO DUPLICATE PROFILES FOUND
[2026-04-13 08:34:28] Computer: DSKML18118 - NO DUPLICATE PROFILES FOUND
[2026-04-13 08:46:25] Computer: DSKML18089 - NO DUPLICATE PROFILES FOUND
[2026-04-13 10:25:27] Computer: DSKML18884 - NO DUPLICATE PROFILES FOUND
[2026-04-14 08:51:58] Computer: DSK240500360 - NO DUPLICATE PROFILES FOUND
[2026-04-14 10:52:28] Computer: DSKML18123 - NO DUPLICATE PROFILES FOUND
[2026-04-14 11:49:56] Computer: DSKML18809 - NO DUPLICATE PROFILES FOUND
[2026-04-14 13:05:24] Computer: DSKML17238 - NO DUPLICATE PROFILES FOUND
[2026-04-15 09:07:16] Computer: DSKML17259 - NO DUPLICATE PROFILES FOUND
[2026-04-15 11:00:20] Computer: DSKML17160 - NO DUPLICATE PROFILES FOUND
[2026-04-15 11:26:50] Computer: LAPML16204 - NO DUPLICATE PROFILES FOUND
[2026-04-17 12:47:40] Computer: DSKML17144 - NO DUPLICATE PROFILES FOUND
[2026-04-21 10:04:25] Computer: LAPML18004 - NO DUPLICATE PROFILES FOUND
[2026-04-22 10:12:01] Computer: DSK240500494 - NO DUPLICATE PROFILES FOUND
[2026-04-22 11:58:56] Computer: DSK241200072 - NO DUPLICATE PROFILES FOUND
[2026-04-22 14:42:36] Computer: LAPML18448 - NO DUPLICATE PROFILES FOUND
[2026-04-22 15:15:59] Computer: DSKML17484 - NO DUPLICATE PROFILES FOUND
[2026-04-23 13:39:57] Computer: DSKML18106 - NO DUPLICATE PROFILES FOUND
[2026-04-24 09:15:12] Computer: LAPML19307 - NO DUPLICATE PROFILES FOUND
[2026-04-24 09:59:35] Computer: LAPML18411 - NO DUPLICATE PROFILES FOUND
[2026-04-27 09:12:32] Computer: LAP250600040 - NO DUPLICATE PROFILES FOUND
[2026-04-27 09:28:21] Computer: LAP250600040 - NO DUPLICATE PROFILES FOUND
[2026-04-27 13:34:07] Computer: DSKML13292 - NO DUPLICATE PROFILES FOUND
